<?xml version="1.0" encoding="UTF-8"?>
<testng-results ignored="0" total="1" passed="1" failed="0" skipped="0">
  <reporter-output>
  </reporter-output>
  <suite started-at="2024-02-21T16:37:34 IST" name="Default suite" finished-at="2024-02-21T16:37:37 IST" duration-ms="2570">
    <groups>
    </groups>
    <test started-at="2024-02-21T16:37:34 IST" name="Default test" finished-at="2024-02-21T16:37:37 IST" duration-ms="2570">
      <class name="samplePackage.Tests">
        <test-method signature="test1()[pri:0, instance:samplePackage.Tests@22e357dc]" started-at="2024-02-21T16:37:34 IST" name="test1" finished-at="2024-02-21T16:37:37 IST" duration-ms="2500" status="PASS">
          <reporter-output>
          </reporter-output>
        </test-method> <!-- test1 -->
      </class> <!-- samplePackage.Tests -->
    </test> <!-- Default test -->
  </suite> <!-- Default suite -->
</testng-results>
